C51 COMPILER V9.60.0.0   LED                                                               06/22/2020 18:45:23 PAGE 1   


C51 COMPILER V9.60.0.0, COMPILATION OF MODULE LED
OBJECT MODULE PLACED IN .\Objects\LED.obj
COMPILER INVOKED BY: E:\KEIL_51\C51\BIN\C51.EXE LED.c OPTIMIZE(8,SPEED) BROWSE DEBUG OBJECTEXTEND PRINT(.\Listings\LED.l
                    -st) TABS(2) OBJECT(.\Objects\LED.obj)

line level    source

   1          #include<reg52.h>
   2          sbit LED = P0^0;//tell the MCU that LED pin is the first SFR first pin which is P0.0
   3          sbit ADDR0 = P1^0;
   4          sbit ADDR1 = P1^1;
   5          sbit ADDR2 = P1^2;
   6          sbit ADDR3 = P1^3;
   7          sbit ENLED = P1^4;
   8          
   9          void main()
  10          {
  11   1        ENLED = 0;
  12   1        ADDR3 = 1;
  13   1        ADDR2 = 1;
  14   1        ADDR1 = 1;
  15   1        ADDR0 = 0;
  16   1        
  17   1        while(1)
  18   1        {
  19   2          LED = 0;
  20   2        }
  21   1        //better way to make a infinite loop
  22   1        //LED = 0;
  23   1        //while(1); this makes the MCU keeps checking condition without going forward
  24   1        
  25   1      }
  26          


MODULE INFORMATION:   STATIC OVERLAYABLE
   CODE SIZE        =     14    ----
   CONSTANT SIZE    =   ----    ----
   XDATA SIZE       =   ----    ----
   PDATA SIZE       =   ----    ----
   DATA SIZE        =   ----    ----
   IDATA SIZE       =   ----    ----
   BIT SIZE         =   ----    ----
END OF MODULE INFORMATION.


C51 COMPILATION COMPLETE.  0 WARNING(S),  0 ERROR(S)
